L:\GIT_UP\DURIAN_CAKE\TCPIP\ARP\ARP\DEBUG\ARP.EXE.INTERMEDIATE.MANIFEST
L:\GIT_UP\DURIAN_CAKE\TCPIP\ARP\ARP\DEBUG\ARP.OBJ
L:\git_up\durian_cake\tcpip\arp\arp\Debug\arp.vcxprojResolveAssemblyReference.cache
L:\git_up\durian_cake\tcpip\arp\arp\Debug\arp.write.1.tlog
L:\git_up\durian_cake\tcpip\arp\arp\Debug\cl.command.1.tlog
L:\git_up\durian_cake\tcpip\arp\arp\Debug\CL.read.1.tlog
L:\git_up\durian_cake\tcpip\arp\arp\Debug\CL.write.1.tlog
L:\GIT_UP\DURIAN_CAKE\TCPIP\ARP\ARP\DEBUG\DEVICE_DESCRIPTION.OBJ
L:\git_up\durian_cake\tcpip\arp\arp\Debug\link.command.1.tlog
L:\git_up\durian_cake\tcpip\arp\arp\Debug\link.read.1.tlog
L:\git_up\durian_cake\tcpip\arp\arp\Debug\link.write.1.tlog
L:\GIT_UP\DURIAN_CAKE\TCPIP\ARP\ARP\DEBUG\MAIN.OBJ
L:\git_up\durian_cake\tcpip\arp\arp\Debug\mt.command.1.tlog
L:\git_up\durian_cake\tcpip\arp\arp\Debug\mt.read.1.tlog
L:\git_up\durian_cake\tcpip\arp\arp\Debug\mt.write.1.tlog
L:\git_up\durian_cake\tcpip\arp\arp\Debug\vc100.idb
L:\GIT_UP\DURIAN_CAKE\TCPIP\ARP\ARP\DEBUG\VC100.PDB
L:\GIT_UP\DURIAN_CAKE\TCPIP\ARP\DEBUG\ARP.EXE
L:\GIT_UP\DURIAN_CAKE\TCPIP\ARP\DEBUG\ARP.ILK
L:\GIT_UP\DURIAN_CAKE\TCPIP\ARP\DEBUG\ARP.PDB
