L:\SRC\C++\VECTOR\DEBUG\VECTOR.EXE
L:\SRC\C++\VECTOR\DEBUG\VECTOR.ILK
L:\SRC\C++\VECTOR\DEBUG\VECTOR.PDB
L:\src\c++\vector\vector\Debug\cl.command.1.tlog
L:\src\c++\vector\vector\Debug\CL.read.1.tlog
L:\src\c++\vector\vector\Debug\CL.write.1.tlog
L:\src\c++\vector\vector\Debug\link.command.1.tlog
L:\src\c++\vector\vector\Debug\link.read.1.tlog
L:\src\c++\vector\vector\Debug\link.write.1.tlog
L:\SRC\C++\VECTOR\VECTOR\DEBUG\MAIN.OBJ
L:\src\c++\vector\vector\Debug\mt.command.1.tlog
L:\src\c++\vector\vector\Debug\mt.read.1.tlog
L:\src\c++\vector\vector\Debug\mt.write.1.tlog
L:\SRC\C++\VECTOR\VECTOR\DEBUG\STDAFX.OBJ
L:\SRC\C++\VECTOR\VECTOR\DEBUG\TEST_Y_VECTOR.OBJ
L:\src\c++\vector\vector\Debug\vc100.idb
L:\SRC\C++\VECTOR\VECTOR\DEBUG\VC100.PDB
L:\SRC\C++\VECTOR\VECTOR\DEBUG\VECTOR.EXE.INTERMEDIATE.MANIFEST
L:\SRC\C++\VECTOR\VECTOR\DEBUG\VECTOR.PCH
L:\src\c++\vector\vector\Debug\vector.vcxprojResolveAssemblyReference.cache
L:\src\c++\vector\vector\Debug\vector.write.1.tlog
